<?xml version="1.0" encoding="UTF-8"?>
<!-- Generated by org.testng.reporters.JUnitXMLReporter -->
<testsuite hostname="DESKTOP-4V5C62G" name="Testing for case reply message to an account" tests="2" failures="0" timestamp="13 Dec 2016 02:54:59 GMT" time="72.885" errors="0">
  <testcase name="replyAShortMessageToAnAccount" time="16.498" classname="TestCases.TestReplyMessageToOneAccount"/>
  <testcase name="checkIfReceiveMessageReplySuccessfully" time="5.505" classname="TestCases.TestReplyMessageToOneAccount"/>
</testsuite> <!-- Testing for case reply message to an account -->
