<?xml version="1.0" encoding="UTF-8"?>
<!-- Generated by org.testng.reporters.JUnitXMLReporter -->
<testsuite hostname="DESKTOP-4V5C62G" name="Testing for case forward message to a group" tests="2" failures="0" timestamp="12 Dec 2016 09:08:13 GMT" time="73.348" errors="0">
  <testcase name="forwardShortMessageToAnGroup" time="17.409" classname="TestCases.TestForwardMessageToGroup"/>
  <testcase name="checkIfGroupReceiveForwardMessageSuccessfully" time="5.411" classname="TestCases.TestForwardMessageToGroup"/>
</testsuite> <!-- Testing for case forward message to a group -->
