<?xml version="1.0" encoding="UTF-8"?>
<!-- Generated by org.testng.reporters.JUnitXMLReporter -->
<testsuite hostname="DESKTOP-4V5C62G" name="Testing for case forward message to an account" tests="2" failures="0" timestamp="12 Dec 2016 09:06:31 GMT" time="73.415" errors="0">
  <testcase name="forwardShortMessageToAnAccount" time="17.077" classname="TestCases.TestForwardMessageToOneAccount"/>
  <testcase name="checkReceiveForwardMessageSuccessfully" time="5.795" classname="TestCases.TestForwardMessageToOneAccount"/>
</testsuite> <!-- Testing for case forward message to an account -->
