<?xml version="1.0" encoding="UTF-8"?>
<!-- Generated by org.testng.reporters.JUnitXMLReporter -->
<testsuite hostname="DESKTOP-4V5C62G" name="Testing for case reply message to an account" tests="2" failures="0" timestamp="12 Dec 2016 08:36:31 GMT" time="73.89" errors="0">
  <testcase name="replyAShortMessageToAnAccount" time="17.134" classname="TestCases.TestReplyMessageToOneAccount"/>
  <testcase name="checkIfReceiveMessageReplySuccessfully" time="5.759" classname="TestCases.TestReplyMessageToOneAccount"/>
</testsuite> <!-- Testing for case reply message to an account -->
