<?xml version="1.0" encoding="UTF-8"?>
<!-- Generated by org.testng.reporters.JUnitXMLReporter -->
<testsuite hostname="DESKTOP-4V5C62G" name="Testing for case send message to an account" tests="2" failures="0" timestamp="12 Dec 2016 09:00:07 GMT" time="47.171" errors="0">
  <testcase name="sendAShortMessageToAnAccount" time="14.064" classname="TestCases.TestSendMessageToOneAccount"/>
  <testcase name="receiveMessageSuccessfully" time="5.577" classname="TestCases.TestSendMessageToOneAccount"/>
</testsuite> <!-- Testing for case send message to an account -->
