<?xml version="1.0" encoding="UTF-8"?>
<!-- Generated by org.testng.reporters.JUnitXMLReporter -->
<testsuite hostname="DESKTOP-4V5C62G" name="Testing for case send message to a group" tests="2" failures="0" timestamp="12 Dec 2016 08:32:55 GMT" time="49.861" errors="0">
  <testcase name="sendShortMessageToGroup" time="15.028" classname="TestCases.TestSendMessageToGroup"/>
  <testcase name="receiveMessageSuccessfully" time="7.625" classname="TestCases.TestSendMessageToGroup"/>
</testsuite> <!-- Testing for case send message to a group -->
