<?xml version="1.0" encoding="UTF-8"?>
<!-- Generated by org.testng.reporters.JUnitXMLReporter -->
<testsuite hostname="DESKTOP-4V5C62G" name="Testing for case forward message to an account" tests="2" failures="0" timestamp="12 Dec 2016 08:42:27 GMT" time="74.519" errors="0">
  <testcase name="forwardShortMessageToAnAccount" time="16.834" classname="TestCases.TestForwardMessageToOneAccount"/>
  <testcase name="checkReceiveForwardMessageSuccessfully" time="5.619" classname="TestCases.TestForwardMessageToOneAccount"/>
</testsuite> <!-- Testing for case forward message to an account -->
