<?xml version="1.0" encoding="UTF-8"?>
<!-- Generated by org.testng.reporters.JUnitXMLReporter -->
<testsuite hostname="DESKTOP-4V5C62G" name="Testing for case reply message to a group" tests="2" failures="0" timestamp="12 Dec 2016 08:39:50 GMT" time="73.021" errors="0">
  <testcase name="replyAShortMessageToGroup" time="15.597" classname="TestCases.TestReplyMessageToGroup"/>
  <testcase name="checkIfReceiveMessageReplySuccessfully" time="5.074" classname="TestCases.TestReplyMessageToGroup"/>
</testsuite> <!-- Testing for case reply message to a group -->
