<?xml version="1.0" encoding="UTF-8"?>
<!-- Generated by org.testng.reporters.JUnitXMLReporter -->
<testsuite hostname="DESKTOP-4V5C62G" name="Testing for case reply message to a group" tests="2" failures="0" timestamp="12 Dec 2016 09:04:49 GMT" time="73.52" errors="0">
  <testcase name="replyAShortMessageToGroup" time="15.61" classname="TestCases.TestReplyMessageToGroup"/>
  <testcase name="checkIfReceiveMessageReplySuccessfully" time="5.284" classname="TestCases.TestReplyMessageToGroup"/>
</testsuite> <!-- Testing for case reply message to a group -->
