<?xml version="1.0" encoding="UTF-8"?>
<!-- Generated by org.testng.reporters.JUnitXMLReporter -->
<testsuite hostname="DESKTOP-4V5C62G" name="Testing for case reply message to a group" tests="2" failures="0" timestamp="13 Dec 2016 03:07:54 GMT" time="74.558" errors="0">
  <testcase name="replyAShortMessageToGroup" time="16.358" classname="TestCases.TestReplyMessageToGroup"/>
  <testcase name="checkIfReceiveMessageReplySuccessfully" time="5.323" classname="TestCases.TestReplyMessageToGroup"/>
</testsuite> <!-- Testing for case reply message to a group -->
